<?xml version="1.0" encoding="UTF-8"?>
<testsuites>
  <testsuite name="CodeIgniter Application Test Suite" tests="39" assertions="39" failures="0" errors="0" time="1.385303">
    <testsuite name="Api_test" file="/var/www/dewslandslidepms/codeigniter/application/tests/controllers/Api_test.php" tests="36" assertions="36" failures="0" errors="0" time="1.326759">
      <testcase name="testInsertDynaslopeTeam" class="Api_test" file="/var/www/dewslandslidepms/codeigniter/application/tests/controllers/Api_test.php" line="4" assertions="1" time="0.040844"/>
      <testcase name="testInsertModule" class="Api_test" file="/var/www/dewslandslidepms/codeigniter/application/tests/controllers/Api_test.php" line="10" assertions="1" time="0.035071"/>
      <testcase name="testInsertMetric" class="Api_test" file="/var/www/dewslandslidepms/codeigniter/application/tests/controllers/Api_test.php" line="15" assertions="1" time="0.037270"/>
      <testcase name="testInsertAccuracyReport" class="Api_test" file="/var/www/dewslandslidepms/codeigniter/application/tests/controllers/Api_test.php" line="20" assertions="1" time="0.045917"/>
      <testcase name="testInsertErrorRateReport" class="Api_test" file="/var/www/dewslandslidepms/codeigniter/application/tests/controllers/Api_test.php" line="38" assertions="1" time="0.043726"/>
      <testcase name="testInsertTimelinessReport" class="Api_test" file="/var/www/dewslandslidepms/codeigniter/application/tests/controllers/Api_test.php" line="54" assertions="1" time="0.039077"/>
      <testcase name="testInsertAccuracyReportNewMetric" class="Api_test" file="/var/www/dewslandslidepms/codeigniter/application/tests/controllers/Api_test.php" line="71" assertions="1" time="0.053199"/>
      <testcase name="testInsertErrorRateReportNewMetric" class="Api_test" file="/var/www/dewslandslidepms/codeigniter/application/tests/controllers/Api_test.php" line="90" assertions="1" time="0.050432"/>
      <testcase name="testInsertTimelinessReportNewMetric" class="Api_test" file="/var/www/dewslandslidepms/codeigniter/application/tests/controllers/Api_test.php" line="109" assertions="1" time="0.057382"/>
      <testcase name="testInsertAccuracyReportNewModuleMetrics" class="Api_test" file="/var/www/dewslandslidepms/codeigniter/application/tests/controllers/Api_test.php" line="128" assertions="1" time="0.050979"/>
      <testcase name="testInsertErrorRateReportWithoutModule" class="Api_test" file="/var/www/dewslandslidepms/codeigniter/application/tests/controllers/Api_test.php" line="147" assertions="1" time="0.048459"/>
      <testcase name="testInsertTimelinessReportNewModuleMetric" class="Api_test" file="/var/www/dewslandslidepms/codeigniter/application/tests/controllers/Api_test.php" line="166" assertions="1" time="0.049808"/>
      <testcase name="testGetModule" class="Api_test" file="/var/www/dewslandslidepms/codeigniter/application/tests/controllers/Api_test.php" line="185" assertions="1" time="0.030040"/>
      <testcase name="testGetAllModules" class="Api_test" file="/var/www/dewslandslidepms/codeigniter/application/tests/controllers/Api_test.php" line="190" assertions="1" time="0.030075"/>
      <testcase name="testGetMetric" class="Api_test" file="/var/www/dewslandslidepms/codeigniter/application/tests/controllers/Api_test.php" line="195" assertions="1" time="0.029788"/>
      <testcase name="testGetAllMetrics" class="Api_test" file="/var/www/dewslandslidepms/codeigniter/application/tests/controllers/Api_test.php" line="200" assertions="1" time="0.030092"/>
      <testcase name="testGetDynaslopeTeam" class="Api_test" file="/var/www/dewslandslidepms/codeigniter/application/tests/controllers/Api_test.php" line="205" assertions="1" time="0.029664"/>
      <testcase name="testGetAllDynaslopeTeams" class="Api_test" file="/var/www/dewslandslidepms/codeigniter/application/tests/controllers/Api_test.php" line="210" assertions="1" time="0.033310"/>
      <testcase name="testGetSpecificAccuracyReport" class="Api_test" file="/var/www/dewslandslidepms/codeigniter/application/tests/controllers/Api_test.php" line="215" assertions="1" time="0.031285"/>
      <testcase name="testGetAllAccuracyReport" class="Api_test" file="/var/www/dewslandslidepms/codeigniter/application/tests/controllers/Api_test.php" line="220" assertions="1" time="0.041263"/>
      <testcase name="testGetSpecificErrorRateReport" class="Api_test" file="/var/www/dewslandslidepms/codeigniter/application/tests/controllers/Api_test.php" line="225" assertions="1" time="0.032280"/>
      <testcase name="testGetAllErrorRateReport" class="Api_test" file="/var/www/dewslandslidepms/codeigniter/application/tests/controllers/Api_test.php" line="230" assertions="1" time="0.034493"/>
      <testcase name="testGetSpecificTimelinessReport" class="Api_test" file="/var/www/dewslandslidepms/codeigniter/application/tests/controllers/Api_test.php" line="235" assertions="1" time="0.032977"/>
      <testcase name="testGetAllTimelinessReport" class="Api_test" file="/var/www/dewslandslidepms/codeigniter/application/tests/controllers/Api_test.php" line="240" assertions="1" time="0.034702"/>
      <testcase name="testUpdateModule" class="Api_test" file="/var/www/dewslandslidepms/codeigniter/application/tests/controllers/Api_test.php" line="245" assertions="1" time="0.033217"/>
      <testcase name="testUpdateMetric" class="Api_test" file="/var/www/dewslandslidepms/codeigniter/application/tests/controllers/Api_test.php" line="259" assertions="1" time="0.032709"/>
      <testcase name="testUpdateDynaslopeTeam" class="Api_test" file="/var/www/dewslandslidepms/codeigniter/application/tests/controllers/Api_test.php" line="273" assertions="1" time="0.032201"/>
      <testcase name="testUpdateAccuracyReport" class="Api_test" file="/var/www/dewslandslidepms/codeigniter/application/tests/controllers/Api_test.php" line="286" assertions="1" time="0.031964"/>
      <testcase name="testUpdateErrorRateReport" class="Api_test" file="/var/www/dewslandslidepms/codeigniter/application/tests/controllers/Api_test.php" line="301" assertions="1" time="0.037901"/>
      <testcase name="testUpdateTimelinessReport" class="Api_test" file="/var/www/dewslandslidepms/codeigniter/application/tests/controllers/Api_test.php" line="315" assertions="1" time="0.036024"/>
      <testcase name="testDeleteMetric" class="Api_test" file="/var/www/dewslandslidepms/codeigniter/application/tests/controllers/Api_test.php" line="329" assertions="1" time="0.033034"/>
      <testcase name="testDeleteModule" class="Api_test" file="/var/www/dewslandslidepms/codeigniter/application/tests/controllers/Api_test.php" line="339" assertions="1" time="0.028270"/>
      <testcase name="testDeleteDynaslopeTeam" class="Api_test" file="/var/www/dewslandslidepms/codeigniter/application/tests/controllers/Api_test.php" line="349" assertions="1" time="0.028616"/>
      <testcase name="testDeleteAccuracyReport" class="Api_test" file="/var/www/dewslandslidepms/codeigniter/application/tests/controllers/Api_test.php" line="359" assertions="1" time="0.031602"/>
      <testcase name="testDeleteErrorRateReport" class="Api_test" file="/var/www/dewslandslidepms/codeigniter/application/tests/controllers/Api_test.php" line="370" assertions="1" time="0.029245"/>
      <testcase name="testDeleteTimelinessReport" class="Api_test" file="/var/www/dewslandslidepms/codeigniter/application/tests/controllers/Api_test.php" line="381" assertions="1" time="0.029843"/>
    </testsuite>
    <testsuite name="Welcome_test" file="/var/www/dewslandslidepms/codeigniter/application/tests/controllers/Welcome_test.php" tests="3" assertions="3" failures="0" errors="0" time="0.058544">
      <testcase name="test_index" class="Welcome_test" file="/var/www/dewslandslidepms/codeigniter/application/tests/controllers/Welcome_test.php" line="13" assertions="1" time="0.023895"/>
      <testcase name="test_method_404" class="Welcome_test" file="/var/www/dewslandslidepms/codeigniter/application/tests/controllers/Welcome_test.php" line="19" assertions="1" time="0.024227"/>
      <testcase name="test_APPPATH" class="Welcome_test" file="/var/www/dewslandslidepms/codeigniter/application/tests/controllers/Welcome_test.php" line="25" assertions="1" time="0.010422"/>
    </testsuite>
  </testsuite>
</testsuites>
